<?xml version="1.0" encoding="UTF-8"?>
<!-- Generated by org.testng.reporters.JUnitXMLReporter -->
<testsuite ignored="0" hostname="DESKTOP-9O42QPI" failures="0" tests="5" name="Default test" time="36.71" errors="0" timestamp="2023-01-21T06:41:45 IST">
  <testcase classname="com.orange_project.Pom_Runnerclass" name="browserLaunch" time="12.529"/>
  <testcase classname="com.orange_project.Pom_Runnerclass" name="getUserId" time="3.125"/>
  <testcase classname="com.orange_project.Pom_Runnerclass" name="getPassword" time="6.053"/>
  <testcase classname="com.orange_project.Pom_Runnerclass" name="passingUserId" time="6.182"/>
  <testcase classname="com.orange_project.Pom_Runnerclass" name="passPassword" time="3.183"/>
</testsuite> <!-- Default test -->
